\BOOKMARK [0][]{cover.0}{Cover}{}% 1
\BOOKMARK [1][]{preface.1}{Preface}{cover.0}% 2
\BOOKMARK [1][]{toc.1}{Table of Contents}{cover.0}% 3
\BOOKMARK [1][]{section.1}{Prerequisite Mathematics}{cover.0}% 4
\BOOKMARK [2][]{subsection.1.1}{Dirac Delta Function}{section.1}% 5
\BOOKMARK [2][]{subsection.1.2}{Sampling function}{section.1}% 6
\BOOKMARK [2][]{subsection.1.3}{Convolution}{section.1}% 7
\BOOKMARK [2][]{subsection.1.4}{Kronecker delta}{section.1}% 8
\BOOKMARK [2][]{subsection.1.5}{Sinusoidal exponential decay function}{section.1}% 9
\BOOKMARK [1][]{section.2}{Continuous Fourier Transform}{cover.0}% 10
\BOOKMARK [2][]{subsection.2.1}{Definition of Fourier transform}{section.2}% 11
\BOOKMARK [2][]{subsection.2.2}{FT with the extra phase factor}{section.2}% 12
\BOOKMARK [2][]{subsection.2.3}{Poisson Summation Formula}{section.2}% 13
\BOOKMARK [2][]{subsection.2.4}{FT of the sampling function}{section.2}% 14
\BOOKMARK [2][]{subsection.2.5}{FT of product of u\(t\) and s\(t\)}{section.2}% 15
\BOOKMARK [2][]{subsection.2.6}{FT of Convolution}{section.2}% 16
\BOOKMARK [2][]{subsection.2.7}{FT of s\(t\)u\(t\) again}{section.2}% 17
\BOOKMARK [2][]{subsection.2.8}{FT of SED}{section.2}% 18
\BOOKMARK [1][]{section.3}{Discrete Fourier transform}{cover.0}% 19
\BOOKMARK [2][]{subsection.3.1}{Definition of DFT}{section.3}% 20
\BOOKMARK [2][]{subsection.3.2}{Approximation of DFT}{section.3}% 21
\BOOKMARK [1][]{section*.3}{References}{cover.0}% 22
\BOOKMARK [1][]{section*.4}{Index}{cover.0}% 23
